<?xml version="1.0" encoding="UTF-8"?>
<!-- Generated by org.testng.reporters.JUnitXMLReporter -->
<testsuite ignored="0" hostname="DESKTOP-9NL11TP" failures="1" tests="6" name="Test" time="8.281" errors="0" timestamp="2021-10-17T09:06:07 AEDT">
  <testcase classname="pages.Contact" name="formTesting" time="0.01"/>
  <testcase classname="pages.Contact" name="formTesting" time="0.955"/>
  <testcase classname="pages.Contact" name="formTesting" time="0.845"/>
  <testcase classname="pages.Contact" name="formTesting" time="0.848"/>
  <testcase classname="pages.Contact" name="presenceOfNavbar" time="0.042"/>
  <testcase classname="pages.Contact" name="validateTitle" time="0.008">
    <failure type="java.lang.AssertionError" message="expected [contact] but found [AspiringTester]">
      <![CDATA[java.lang.AssertionError: expected [contact] but found [AspiringTester]
at pages.Contact.validateTitle(Contact.java:61)
at java.base/java.util.ArrayList.forEach(ArrayList.java:1511)
... Removed 33 stack frames]]>
    </failure>
  </testcase> <!-- validateTitle -->
</testsuite> <!-- Test -->
