<?xml version="1.0" encoding="UTF-8"?>
<testng-results ignored="0" total="6" passed="5" failed="1" skipped="0">
  <reporter-output>
  </reporter-output>
  <suite started-at="2021-10-17T09:05:58 AEDT" name="Suite" finished-at="2021-10-17T09:06:07 AEDT" duration-ms="8281">
    <groups>
    </groups>
    <test started-at="2021-10-17T09:05:58 AEDT" name="Test" finished-at="2021-10-17T09:06:07 AEDT" duration-ms="8281">
      <class name="pages.Contact">
        <test-method is-config="true" signature="firstOpen()[pri:0, instance:pages.Contact@6c6357f9]" started-at="2021-10-17T09:05:58 AEDT" name="firstOpen" finished-at="2021-10-17T09:06:03 AEDT" duration-ms="4630" status="PASS">
          <reporter-output>
          </reporter-output>
        </test-method> <!-- firstOpen -->
        <test-method signature="formTesting(java.lang.String,java.lang.String,java.lang.String,java.lang.String,java.lang.String,java.lang.String)[pri:0, instance:pages.Contact@6c6357f9]" started-at="2021-10-17T09:06:04 AEDT" name="formTesting" data-provider="aformData" finished-at="2021-10-17T09:06:04 AEDT" duration-ms="10" status="PASS">
          <params>
            <param index="0">
              <value is-null="true"/>
            </param>
            <param index="1">
              <value is-null="true"/>
            </param>
            <param index="2">
              <value is-null="true"/>
            </param>
            <param index="3">
              <value is-null="true"/>
            </param>
            <param index="4">
              <value is-null="true"/>
            </param>
            <param index="5">
              <value is-null="true"/>
            </param>
          </params>
          <reporter-output>
          </reporter-output>
        </test-method> <!-- formTesting -->
        <test-method signature="formTesting(java.lang.String,java.lang.String,java.lang.String,java.lang.String,java.lang.String,java.lang.String)[pri:0, instance:pages.Contact@6c6357f9]" started-at="2021-10-17T09:06:04 AEDT" name="formTesting" data-provider="aformData" finished-at="2021-10-17T09:06:05 AEDT" duration-ms="955" status="PASS">
          <params>
            <param index="0">
              <value>
                <![CDATA[Jon]]>
              </value>
            </param>
            <param index="1">
              <value>
                <![CDATA[Doe]]>
              </value>
            </param>
            <param index="2">
              <value>
                <![CDATA[australia]]>
              </value>
            </param>
            <param index="3">
              <value>
                <![CDATA[Male]]>
              </value>
            </param>
            <param index="4">
              <value>
                <![CDATA[j@gmail.com]]>
              </value>
            </param>
            <param index="5">
              <value>
                <![CDATA[I am testing]]>
              </value>
            </param>
          </params>
          <reporter-output>
          </reporter-output>
        </test-method> <!-- formTesting -->
        <test-method signature="formTesting(java.lang.String,java.lang.String,java.lang.String,java.lang.String,java.lang.String,java.lang.String)[pri:0, instance:pages.Contact@6c6357f9]" started-at="2021-10-17T09:06:05 AEDT" name="formTesting" data-provider="aformData" finished-at="2021-10-17T09:06:06 AEDT" duration-ms="845" status="PASS">
          <params>
            <param index="0">
              <value>
                <![CDATA[Esabela]]>
              </value>
            </param>
            <param index="1">
              <value>
                <![CDATA[Hoskins]]>
              </value>
            </param>
            <param index="2">
              <value>
                <![CDATA[usa]]>
              </value>
            </param>
            <param index="3">
              <value>
                <![CDATA[Female]]>
              </value>
            </param>
            <param index="4">
              <value>
                <![CDATA[e@hotmail.com]]>
              </value>
            </param>
            <param index="5">
              <value>
                <![CDATA[testing]]>
              </value>
            </param>
          </params>
          <reporter-output>
          </reporter-output>
        </test-method> <!-- formTesting -->
        <test-method signature="formTesting(java.lang.String,java.lang.String,java.lang.String,java.lang.String,java.lang.String,java.lang.String)[pri:0, instance:pages.Contact@6c6357f9]" started-at="2021-10-17T09:06:06 AEDT" name="formTesting" data-provider="aformData" finished-at="2021-10-17T09:06:06 AEDT" duration-ms="848" status="PASS">
          <params>
            <param index="0">
              <value>
                <![CDATA[Paramita]]>
              </value>
            </param>
            <param index="1">
              <value>
                <![CDATA[Bhattacharya]]>
              </value>
            </param>
            <param index="2">
              <value>
                <![CDATA[canada]]>
              </value>
            </param>
            <param index="3">
              <value>
                <![CDATA[Female]]>
              </value>
            </param>
            <param index="4">
              <value>
                <![CDATA[p@gmail.com]]>
              </value>
            </param>
            <param index="5">
              <value>
                <![CDATA[testing]]>
              </value>
            </param>
          </params>
          <reporter-output>
          </reporter-output>
        </test-method> <!-- formTesting -->
        <test-method signature="presenceOfNavbar()[pri:0, instance:pages.Contact@6c6357f9]" started-at="2021-10-17T09:06:06 AEDT" name="presenceOfNavbar" finished-at="2021-10-17T09:06:06 AEDT" duration-ms="42" status="PASS">
          <reporter-output>
          </reporter-output>
        </test-method> <!-- presenceOfNavbar -->
        <test-method signature="validateTitle()[pri:0, instance:pages.Contact@6c6357f9]" started-at="2021-10-17T09:06:06 AEDT" name="validateTitle" finished-at="2021-10-17T09:06:06 AEDT" duration-ms="8" status="FAIL">
          <exception class="java.lang.AssertionError">
            <message>
              <![CDATA[expected [contact] but found [AspiringTester]]]>
            </message>
            <full-stacktrace>
              <![CDATA[java.lang.AssertionError: expected [contact] but found [AspiringTester]
at org.testng.Assert.fail(Assert.java:99)
at org.testng.Assert.failNotEquals(Assert.java:1037)
at org.testng.Assert.assertEqualsImpl(Assert.java:140)
at org.testng.Assert.assertEquals(Assert.java:122)
at org.testng.Assert.assertEquals(Assert.java:629)
at org.testng.Assert.assertEquals(Assert.java:639)
at pages.Contact.validateTitle(Contact.java:61)
at java.base/jdk.internal.reflect.NativeMethodAccessorImpl.invoke0(Native Method)
at java.base/jdk.internal.reflect.NativeMethodAccessorImpl.invoke(NativeMethodAccessorImpl.java:78)
at java.base/jdk.internal.reflect.DelegatingMethodAccessorImpl.invoke(DelegatingMethodAccessorImpl.java:43)
at java.base/java.lang.reflect.Method.invoke(Method.java:567)
at org.testng.internal.MethodInvocationHelper.invokeMethod(MethodInvocationHelper.java:133)
at org.testng.internal.TestInvoker.invokeMethod(TestInvoker.java:598)
at org.testng.internal.TestInvoker.invokeTestMethod(TestInvoker.java:173)
at org.testng.internal.MethodRunner.runInSequence(MethodRunner.java:46)
at org.testng.internal.TestInvoker$MethodInvocationAgent.invoke(TestInvoker.java:824)
at org.testng.internal.TestInvoker.invokeTestMethods(TestInvoker.java:146)
at org.testng.internal.TestMethodWorker.invokeTestMethods(TestMethodWorker.java:146)
at org.testng.internal.TestMethodWorker.run(TestMethodWorker.java:128)
at java.base/java.util.ArrayList.forEach(ArrayList.java:1511)
at org.testng.TestRunner.privateRun(TestRunner.java:794)
at org.testng.TestRunner.run(TestRunner.java:596)
at org.testng.SuiteRunner.runTest(SuiteRunner.java:377)
at org.testng.SuiteRunner.runSequentially(SuiteRunner.java:371)
at org.testng.SuiteRunner.privateRun(SuiteRunner.java:332)
at org.testng.SuiteRunner.run(SuiteRunner.java:276)
at org.testng.SuiteRunnerWorker.runSuite(SuiteRunnerWorker.java:53)
at org.testng.SuiteRunnerWorker.run(SuiteRunnerWorker.java:96)
at org.testng.TestNG.runSuitesSequentially(TestNG.java:1212)
at org.testng.TestNG.runSuitesLocally(TestNG.java:1134)
at org.testng.TestNG.runSuites(TestNG.java:1063)
at org.testng.TestNG.run(TestNG.java:1031)
at org.testng.remote.AbstractRemoteTestNG.run(AbstractRemoteTestNG.java:115)
at org.testng.remote.RemoteTestNG.initAndRun(RemoteTestNG.java:251)
at org.testng.remote.RemoteTestNG.main(RemoteTestNG.java:77)
]]>
            </full-stacktrace>
          </exception> <!-- java.lang.AssertionError -->
          <reporter-output>
          </reporter-output>
        </test-method> <!-- validateTitle -->
        <test-method is-config="true" signature="endofTest()[pri:0, instance:pages.Contact@6c6357f9]" started-at="2021-10-17T09:06:07 AEDT" name="endofTest" finished-at="2021-10-17T09:06:07 AEDT" duration-ms="78" status="PASS">
          <reporter-output>
          </reporter-output>
        </test-method> <!-- endofTest -->
      </class> <!-- pages.Contact -->
    </test> <!-- Test -->
  </suite> <!-- Suite -->
</testng-results>
